2025-12-29 18:18:48,858 - INFO - RawDataExtractor initialized
2025-12-29 18:18:48,858 - INFO - Source: /home/sanket/Make_My_route/DATA/CS2_35
2025-12-29 18:18:48,858 - INFO - Output: /home/sanket/Make_My_route/battery-analytics-lab/data/raw/calce
2025-12-29 18:18:48,858 - INFO - Starting comprehensive raw data extraction...
2025-12-29 18:18:48,859 - INFO - Discovered 25 CS2_35 Excel files
2025-12-29 18:18:48,859 - INFO -   - CS2_35_9_21_10.xlsx
2025-12-29 18:18:48,859 - INFO -   - CS2_35_9_30_10.xlsx
2025-12-29 18:18:48,859 - INFO -   - CS2_35_2_4_11.xlsx
2025-12-29 18:18:48,859 - INFO -   - CS2_35_9_8_10.xlsx
2025-12-29 18:18:48,859 - INFO -   - CS2_35_1_18_11.xlsx
2025-12-29 18:18:48,859 - INFO -   - CS2_35_1_10_11.xlsx
2025-12-29 18:18:48,859 - INFO -   - CS2_35_11_01_10.xlsx
2025-12-29 18:18:48,859 - INFO -   - CS2_35_12_20_10.xlsx
2025-12-29 18:18:48,859 - INFO -   - CS2_35_12_23_10.xlsx
2025-12-29 18:18:48,859 - INFO -   - CS2_35_10_29_10.xlsx
2025-12-29 18:18:48,859 - INFO -   - CS2_35_2_10_11.xlsx
2025-12-29 18:18:48,859 - INFO -   - CS2_35_8_30_10.xlsx
2025-12-29 18:18:48,859 - INFO -   - CS2_35_11_08_10.xlsx
2025-12-29 18:18:48,859 - INFO -   - CS2_35_11_23_10.xlsx
2025-12-29 18:18:48,859 - INFO -   - CS2_35_10_15_10.xlsx
2025-12-29 18:18:48,859 - INFO -   - CS2_35_8_18_10.xlsx
2025-12-29 18:18:48,859 - INFO -   - CS2_35_8_17_10.xlsx
2025-12-29 18:18:48,859 - INFO -   - CS2_35_11_24_10.xlsx
2025-12-29 18:18:48,859 - INFO -   - CS2_35_12_06_10.xlsx
2025-12-29 18:18:48,859 - INFO -   - CS2_35_1_28_11.xlsx
2025-12-29 18:18:48,859 - INFO -   - CS2_35_8_19_10.xlsx
2025-12-29 18:18:48,859 - INFO -   - CS2_35_9_7_10.xlsx
2025-12-29 18:18:48,859 - INFO -   - CS2_35_10_22_10.xlsx
2025-12-29 18:18:48,859 - INFO -   - CS2_35_1_24_11.xlsx
2025-12-29 18:18:48,859 - INFO -   - CS2_35_12_13_10.xlsx
2025-12-29 18:18:48,859 - INFO - Processing file: CS2_35_10_15_10.xlsx
2025-12-29 18:18:49,696 - INFO - Extracted sheet 'Info' from CS2_35_10_15_10.xlsx: 4 rows, 23 columns
2025-12-29 18:18:50,650 - INFO - Extracted sheet 'Channel_1-008' from CS2_35_10_15_10.xlsx: 17139 rows, 17 columns
2025-12-29 18:18:51,505 - INFO - Successfully processed CS2_35_10_15_10.xlsx: 2 CSV files created
2025-12-29 18:18:51,505 - INFO - Processing file: CS2_35_10_22_10.xlsx
2025-12-29 18:18:52,324 - INFO - Extracted sheet 'Info' from CS2_35_10_22_10.xlsx: 4 rows, 23 columns
2025-12-29 18:18:53,252 - INFO - Extracted sheet 'Channel_1-008' from CS2_35_10_22_10.xlsx: 16629 rows, 17 columns
2025-12-29 18:18:54,102 - INFO - Successfully processed CS2_35_10_22_10.xlsx: 2 CSV files created
2025-12-29 18:18:54,102 - INFO - Processing file: CS2_35_10_29_10.xlsx
2025-12-29 18:18:54,919 - INFO - Extracted sheet 'Info' from CS2_35_10_29_10.xlsx: 4 rows, 23 columns
2025-12-29 18:18:55,824 - INFO - Extracted sheet 'Channel_1-008' from CS2_35_10_29_10.xlsx: 16334 rows, 17 columns
2025-12-29 18:18:55,838 - INFO - Extracted sheet 'Statistics_1-008' from CS2_35_10_29_10.xlsx: 50 rows, 15 columns
2025-12-29 18:18:56,646 - INFO - Successfully processed CS2_35_10_29_10.xlsx: 3 CSV files created
2025-12-29 18:18:56,646 - INFO - Processing file: CS2_35_11_01_10.xlsx
2025-12-29 18:18:56,860 - INFO - Extracted sheet 'Info' from CS2_35_11_01_10.xlsx: 4 rows, 23 columns
2025-12-29 18:18:57,046 - INFO - Extracted sheet 'Channel_1-008' from CS2_35_11_01_10.xlsx: 3248 rows, 17 columns
2025-12-29 18:18:57,053 - INFO - Extracted sheet 'Statistics_1-008' from CS2_35_11_01_10.xlsx: 9 rows, 15 columns
2025-12-29 18:18:57,232 - INFO - Successfully processed CS2_35_11_01_10.xlsx: 3 CSV files created
2025-12-29 18:18:57,232 - INFO - Processing file: CS2_35_11_08_10.xlsx
2025-12-29 18:18:58,045 - INFO - Extracted sheet 'Info' from CS2_35_11_08_10.xlsx: 4 rows, 23 columns
2025-12-29 18:18:58,965 - INFO - Extracted sheet 'Channel_1-008' from CS2_35_11_08_10.xlsx: 16506 rows, 17 columns
2025-12-29 18:18:58,979 - INFO - Extracted sheet 'Statistics_1-008' from CS2_35_11_08_10.xlsx: 50 rows, 15 columns
2025-12-29 18:18:59,840 - INFO - Successfully processed CS2_35_11_08_10.xlsx: 3 CSV files created
2025-12-29 18:18:59,841 - INFO - Processing file: CS2_35_11_23_10.xlsx
2025-12-29 18:19:00,666 - INFO - Extracted sheet 'Info' from CS2_35_11_23_10.xlsx: 4 rows, 23 columns
2025-12-29 18:19:01,575 - INFO - Extracted sheet 'Channel_1-008' from CS2_35_11_23_10.xlsx: 16433 rows, 17 columns
2025-12-29 18:19:01,588 - INFO - Extracted sheet 'Statistics_1-008' from CS2_35_11_23_10.xlsx: 50 rows, 15 columns
2025-12-29 18:19:02,415 - INFO - Successfully processed CS2_35_11_23_10.xlsx: 3 CSV files created
2025-12-29 18:19:02,415 - INFO - Processing file: CS2_35_11_24_10.xlsx
2025-12-29 18:19:02,579 - INFO - Extracted sheet 'Info' from CS2_35_11_24_10.xlsx: 4 rows, 23 columns
2025-12-29 18:19:02,751 - INFO - Extracted sheet 'Channel_1-008' from CS2_35_11_24_10.xlsx: 2696 rows, 17 columns
2025-12-29 18:19:02,758 - INFO - Extracted sheet 'Statistics_1-008' from CS2_35_11_24_10.xlsx: 8 rows, 15 columns
2025-12-29 18:19:02,918 - INFO - Successfully processed CS2_35_11_24_10.xlsx: 3 CSV files created
2025-12-29 18:19:02,918 - INFO - Processing file: CS2_35_12_06_10.xlsx
2025-12-29 18:19:03,678 - INFO - Extracted sheet 'Info' from CS2_35_12_06_10.xlsx: 4 rows, 23 columns
2025-12-29 18:19:04,534 - INFO - Extracted sheet 'Channel_1-008' from CS2_35_12_06_10.xlsx: 15428 rows, 17 columns
2025-12-29 18:19:04,548 - INFO - Extracted sheet 'Statistics_1-008' from CS2_35_12_06_10.xlsx: 50 rows, 15 columns
2025-12-29 18:19:05,360 - INFO - Successfully processed CS2_35_12_06_10.xlsx: 3 CSV files created
2025-12-29 18:19:05,361 - INFO - Processing file: CS2_35_12_13_10.xlsx
2025-12-29 18:19:06,136 - INFO - Extracted sheet 'Info' from CS2_35_12_13_10.xlsx: 4 rows, 23 columns
2025-12-29 18:19:07,011 - INFO - Extracted sheet 'Channel_1-008' from CS2_35_12_13_10.xlsx: 15186 rows, 17 columns
2025-12-29 18:19:07,025 - INFO - Extracted sheet 'Statistics_1-008' from CS2_35_12_13_10.xlsx: 50 rows, 15 columns
2025-12-29 18:19:07,800 - INFO - Successfully processed CS2_35_12_13_10.xlsx: 3 CSV files created
2025-12-29 18:19:07,800 - INFO - Processing file: CS2_35_12_20_10.xlsx
2025-12-29 18:19:08,536 - INFO - Extracted sheet 'Info' from CS2_35_12_20_10.xlsx: 4 rows, 23 columns
2025-12-29 18:19:09,348 - INFO - Extracted sheet 'Channel_1-008' from CS2_35_12_20_10.xlsx: 14658 rows, 17 columns
2025-12-29 18:19:09,362 - INFO - Extracted sheet 'Statistics_1-008' from CS2_35_12_20_10.xlsx: 50 rows, 15 columns
2025-12-29 18:19:10,098 - INFO - Successfully processed CS2_35_12_20_10.xlsx: 3 CSV files created
2025-12-29 18:19:10,098 - INFO - Processing file: CS2_35_12_23_10.xlsx
2025-12-29 18:19:10,465 - INFO - Extracted sheet 'Info' from CS2_35_12_23_10.xlsx: 4 rows, 23 columns
2025-12-29 18:19:10,873 - INFO - Extracted sheet 'Channel_1-008' from CS2_35_12_23_10.xlsx: 7187 rows, 17 columns
2025-12-29 18:19:10,883 - INFO - Extracted sheet 'Statistics_1-008' from CS2_35_12_23_10.xlsx: 24 rows, 15 columns
2025-12-29 18:19:11,270 - INFO - Successfully processed CS2_35_12_23_10.xlsx: 3 CSV files created
2025-12-29 18:19:11,270 - INFO - Processing file: CS2_35_1_10_11.xlsx
2025-12-29 18:19:11,910 - INFO - Extracted sheet 'Info' from CS2_35_1_10_11.xlsx: 4 rows, 23 columns
2025-12-29 18:19:12,641 - INFO - Extracted sheet 'Channel_1-008' from CS2_35_1_10_11.xlsx: 12695 rows, 17 columns
2025-12-29 18:19:12,654 - INFO - Extracted sheet 'Statistics_1-008' from CS2_35_1_10_11.xlsx: 50 rows, 15 columns
2025-12-29 18:19:13,296 - INFO - Successfully processed CS2_35_1_10_11.xlsx: 3 CSV files created
2025-12-29 18:19:13,296 - INFO - Processing file: CS2_35_1_18_11.xlsx
2025-12-29 18:19:13,871 - INFO - Extracted sheet 'Info' from CS2_35_1_18_11.xlsx: 4 rows, 23 columns
2025-12-29 18:19:14,549 - INFO - Extracted sheet 'Channel_1-008' from CS2_35_1_18_11.xlsx: 11658 rows, 17 columns
2025-12-29 18:19:14,562 - INFO - Extracted sheet 'Statistics_1-008' from CS2_35_1_18_11.xlsx: 50 rows, 15 columns
2025-12-29 18:19:15,179 - INFO - Successfully processed CS2_35_1_18_11.xlsx: 3 CSV files created
2025-12-29 18:19:15,179 - INFO - Processing file: CS2_35_1_24_11.xlsx
2025-12-29 18:19:15,682 - INFO - Extracted sheet 'Info' from CS2_35_1_24_11.xlsx: 4 rows, 23 columns
2025-12-29 18:19:16,250 - INFO - Extracted sheet 'Channel_1-008' from CS2_35_1_24_11.xlsx: 10227 rows, 17 columns
2025-12-29 18:19:16,261 - INFO - Extracted sheet 'Statistics_1-008' from CS2_35_1_24_11.xlsx: 50 rows, 15 columns
2025-12-29 18:19:16,783 - INFO - Successfully processed CS2_35_1_24_11.xlsx: 3 CSV files created
2025-12-29 18:19:16,783 - INFO - Processing file: CS2_35_1_28_11.xlsx
2025-12-29 18:19:17,130 - INFO - Extracted sheet 'Info' from CS2_35_1_28_11.xlsx: 4 rows, 23 columns
2025-12-29 18:19:17,488 - INFO - Extracted sheet 'Channel_1-008' from CS2_35_1_28_11.xlsx: 6394 rows, 17 columns
2025-12-29 18:19:17,498 - INFO - Extracted sheet 'Statistics_1-008' from CS2_35_1_28_11.xlsx: 36 rows, 15 columns
2025-12-29 18:19:17,830 - INFO - Successfully processed CS2_35_1_28_11.xlsx: 3 CSV files created
2025-12-29 18:19:17,830 - INFO - Processing file: CS2_35_2_10_11.xlsx
2025-12-29 18:19:18,141 - INFO - Extracted sheet 'Info' from CS2_35_2_10_11.xlsx: 4 rows, 23 columns
2025-12-29 18:19:18,478 - INFO - Extracted sheet 'Channel_1-008' from CS2_35_2_10_11.xlsx: 5983 rows, 17 columns
2025-12-29 18:19:18,488 - INFO - Extracted sheet 'Statistics_1-008' from CS2_35_2_10_11.xlsx: 50 rows, 15 columns
2025-12-29 18:19:18,804 - INFO - Successfully processed CS2_35_2_10_11.xlsx: 3 CSV files created
2025-12-29 18:19:18,805 - INFO - Processing file: CS2_35_2_4_11.xlsx
2025-12-29 18:19:19,114 - INFO - Extracted sheet 'Info' from CS2_35_2_4_11.xlsx: 4 rows, 23 columns
2025-12-29 18:19:19,454 - INFO - Extracted sheet 'Channel_1-008' from CS2_35_2_4_11.xlsx: 5983 rows, 17 columns
2025-12-29 18:19:19,486 - INFO - Extracted sheet 'Statistics_1-008' from CS2_35_2_4_11.xlsx: 50 rows, 15 columns
2025-12-29 18:19:19,813 - INFO - Successfully processed CS2_35_2_4_11.xlsx: 3 CSV files created
2025-12-29 18:19:19,813 - INFO - Processing file: CS2_35_8_17_10.xlsx
2025-12-29 18:19:19,886 - INFO - Extracted sheet 'Info' from CS2_35_8_17_10.xlsx: 4 rows, 23 columns
2025-12-29 18:19:19,954 - INFO - Extracted sheet 'Channel_1-008' from CS2_35_8_17_10.xlsx: 1091 rows, 17 columns
2025-12-29 18:19:20,024 - INFO - Successfully processed CS2_35_8_17_10.xlsx: 2 CSV files created
2025-12-29 18:19:20,024 - INFO - Processing file: CS2_35_8_18_10.xlsx
2025-12-29 18:19:20,062 - INFO - Extracted sheet 'Info' from CS2_35_8_18_10.xlsx: 4 rows, 23 columns
2025-12-29 18:19:20,089 - INFO - Extracted sheet 'Channel_1-008' from CS2_35_8_18_10.xlsx: 383 rows, 17 columns
2025-12-29 18:19:20,124 - INFO - Successfully processed CS2_35_8_18_10.xlsx: 2 CSV files created
2025-12-29 18:19:20,124 - INFO - Processing file: CS2_35_8_19_10.xlsx
2025-12-29 18:19:20,170 - INFO - Extracted sheet 'Info' from CS2_35_8_19_10.xlsx: 4 rows, 23 columns
2025-12-29 18:19:20,198 - INFO - Extracted sheet 'Channel_1-008' from CS2_35_8_19_10.xlsx: 383 rows, 17 columns
2025-12-29 18:19:20,233 - INFO - Successfully processed CS2_35_8_19_10.xlsx: 2 CSV files created
2025-12-29 18:19:20,234 - INFO - Processing file: CS2_35_8_30_10.xlsx
2025-12-29 18:19:21,152 - INFO - Extracted sheet 'Info' from CS2_35_8_30_10.xlsx: 4 rows, 23 columns
2025-12-29 18:19:22,259 - INFO - Extracted sheet 'Channel_1-008' from CS2_35_8_30_10.xlsx: 18413 rows, 17 columns
2025-12-29 18:19:23,209 - INFO - Successfully processed CS2_35_8_30_10.xlsx: 2 CSV files created
2025-12-29 18:19:23,209 - INFO - Processing file: CS2_35_9_21_10.xlsx
2025-12-29 18:19:24,542 - INFO - Extracted sheet 'Info' from CS2_35_9_21_10.xlsx: 4 rows, 23 columns
2025-12-29 18:19:25,886 - INFO - Extracted sheet 'Channel_1-008' from CS2_35_9_21_10.xlsx: 17314 rows, 17 columns
2025-12-29 18:19:26,799 - INFO - Successfully processed CS2_35_9_21_10.xlsx: 2 CSV files created
2025-12-29 18:19:26,800 - INFO - Processing file: CS2_35_9_30_10.xlsx
2025-12-29 18:19:27,623 - INFO - Extracted sheet 'Info' from CS2_35_9_30_10.xlsx: 4 rows, 23 columns
2025-12-29 18:19:28,622 - INFO - Extracted sheet 'Channel_1-008' from CS2_35_9_30_10.xlsx: 16961 rows, 17 columns
2025-12-29 18:19:29,496 - INFO - Successfully processed CS2_35_9_30_10.xlsx: 2 CSV files created
2025-12-29 18:19:29,496 - INFO - Processing file: CS2_35_9_7_10.xlsx
2025-12-29 18:19:30,302 - INFO - Extracted sheet 'Info' from CS2_35_9_7_10.xlsx: 4 rows, 23 columns
2025-12-29 18:19:31,193 - INFO - Extracted sheet 'Channel_1-008' from CS2_35_9_7_10.xlsx: 15635 rows, 17 columns
2025-12-29 18:19:31,994 - INFO - Successfully processed CS2_35_9_7_10.xlsx: 2 CSV files created
2025-12-29 18:19:31,994 - INFO - Processing file: CS2_35_9_8_10.xlsx
2025-12-29 18:19:32,131 - INFO - Extracted sheet 'Info' from CS2_35_9_8_10.xlsx: 4 rows, 23 columns
2025-12-29 18:19:32,270 - INFO - Extracted sheet 'Channel_1-008' from CS2_35_9_8_10.xlsx: 2350 rows, 17 columns
2025-12-29 18:19:32,402 - INFO - Successfully processed CS2_35_9_8_10.xlsx: 2 CSV files created
2025-12-29 18:19:32,403 - INFO - Extraction report saved to: /home/sanket/Make_My_route/battery-analytics-lab/data/raw/calce/extraction_report.json
2025-12-29 18:19:32,403 - INFO - Raw data extraction completed successfully!
